warning: Git tree '/home/runner/work/siplink/siplink' is dirty
unpacking 'github:nix-systems/default/da67096a3b9bf56a91d16901293e51ba5b49a27e?narHash=sha256-Vy1rq5AaRuLzOxct8nz4T6wlgyUR7zLU309k9mBC768%3D' into the Git cache...
this derivation will be built:
  /nix/store/h77w8kzkbdg3535znjck35l2jvvbhnhf-siplink-1.0.0-go-modules.drv
these 67 paths will be fetched (139.29 MiB download, 694.95 MiB unpacked):
  /nix/store/hil2hhp0zhw426qn2ncg2akasr5dmkbr-acl-2.3.2
  /nix/store/xl1043bxc6q4ymbqrv3pyjmpssd6z0wj-attr-2.5.2
  /nix/store/00zrahbb32nzawrmv9sjxn36h7qk9vrs-bash-5.2p37
  /nix/store/94lg0shvsfc845zy8gnflvpqxxiyijbz-bash-interactive-5.2p37
  /nix/store/z3za8hfc24wb117s50p8b10agjkgm039-binutils-2.44
  /nix/store/zyvnai4r0kv3hm1lhh9vqbv50jw1mhys-binutils-2.44-lib
  /nix/store/cadx5p7c0i06gf6h84iw9mrhx56imbv0-binutils-wrapper-2.44
  /nix/store/czrad292gq5adw7kjj0z71gkw48mnmim-brotli-1.1.0-lib
  /nix/store/ywc5ismph30i5a1w56rl9kxa0a5887wx-bzip2-1.0.8
  /nix/store/ykdv4id6893gmkqwdmbimq237c1xqvq7-bzip2-1.0.8-bin
  /nix/store/psy9v2asypgl9ylg8cnzkixc7fv0snj0-coreutils-9.7
  /nix/store/frlckg2m2sf0gs8g5pqkryddbpy6qcz1-curl-8.14.1
  /nix/store/ibx4jfwlhjg4g0s6rrxrpaxa3ka8ns4m-diffutils-3.12
  /nix/store/r274m06q3qwnkbzw37z0a589rqnzmbpq-ed-1.21.1
  /nix/store/qsqjriwc0d0qpy8hspmjw596nwwfjapr-expand-response-params
  /nix/store/3pvw3ddy10rk76f55am2sfc0hxfb28bn-expat-2.7.1
  /nix/store/3pdmbqy86wsbjdazxv1n3vrmj60vn0ri-file-5.45
  /nix/store/c14zwgl8hf1wm0izij2i16xvk8ak70cy-findutils-4.10.0
  /nix/store/nv3y7zb1cwz1h9qy7nwz0s54j8dl1kqj-gawk-5.3.2
  /nix/store/sa7j7cddyblhcb3ch3ds10w7nw75yjj1-gcc-14.3.0
  /nix/store/l7d6vwajpfvgsd3j4cr25imd1mzb7d1d-gcc-14.3.0-lib
  /nix/store/h8x8m2vcaqd13sm794q5l3yrynbf3h0q-gcc-14.3.0-libgcc
  /nix/store/pbqah1qk4b5y14fqinr1h8zvhqy71v81-gcc-wrapper-14.3.0
  /nix/store/zs5crhr67zp8cxn7dh4mwq08zw3sb31m-gettext-0.22.5
  /nix/store/acrwljh4sjhsysvwyx3796zbgampmkbm-git-minimal-2.49.0
  /nix/store/q4wq65gl3r8fy746v9bbwgx4gzn0r2kl-glibc-2.40-66
  /nix/store/mdmsnfcvxyk5ynz7nx8nhss1wig0gljx-glibc-2.40-66-bin
  /nix/store/x4cz3spvw0bwwz5sjsdn2qm4f89rcryn-glibc-2.40-66-dev
  /nix/store/4sxdpx88vxl3vrciqc0cal17qz2whg0c-gmp-6.3.0
  /nix/store/3qf4dg256fginainsz0scm9mdsahh03i-gmp-with-cxx-6.3.0
  /nix/store/s3dj57ywp7j6az9xbc3yssjlwnlw335q-gnu-config-2024-01-01
  /nix/store/bc6zxzjnkjp4r9nhz5imy3cypvdh6r4n-gnugrep-3.12
  /nix/store/6bwp1y45zlyvpr4ja2sk1yi9v5mrs94x-gnumake-4.4.1
  /nix/store/pr318zsl44jdwpk9wk0sdrn19b6in7ah-gnused-4.9
  /nix/store/lp82dcnrzljyix6yigwzrlpr1smvpmb0-gnutar-1.35
  /nix/store/mdn9hnvf0qmxywbrpbywmxww2adxdn5v-go-1.24.4
  /nix/store/6ag5dhk7sma61p6vl0kazfmpbrq08nqh-gzip-1.14
  /nix/store/9ligk74v7nqwq5lg3pnw88jl3zcmpdpr-iana-etc-20250505
  /nix/store/4wmg6gbgmhv8amxzldhd1s1p2xr6g43l-isl-0.20
  /nix/store/6k8218bcmnknl7vq07vmm33b33i35586-keyutils-1.6.3-lib
  /nix/store/ppxfllzvl2b03x4ahqkyf6v6hiqf0hix-krb5-1.21.3-lib
  /nix/store/ncdwsrgq6n6161l433m4x34057zq0hhf-libidn2-2.3.8
  /nix/store/r4q0whqnmpn8hbfx9rbjq1ya6gjbkswc-libmpc-1.3.1
  /nix/store/31fknicrbimbw6ivnxly9pdabsqqglk5-libpsl-0.21.5
  /nix/store/y6w3rwlym1mlpcysn6l7r5vbdmf9irf1-libssh2-1.11.1
  /nix/store/vm18dxfa5v7y3linrg1x1q9wx41bkxwf-libunistring-1.3
  /nix/store/clam4dh46f55ywgbpx7pgnnkmcqzgj8p-linux-headers-6.14.7
  /nix/store/4xr56x3h8i56sxxz0wm4w69qpdq0yarx-mailcap-2.1.54
  /nix/store/6dyghnhc2d9gbcn2xqd0rs2dcvradfiy-mpfr-4.2.2
  /nix/store/in8rmhvx0zxk7n76yfp0gsadvgj7pxaf-ncurses-6.5
  /nix/store/gwwbjkdd3rghq7x74561agq08f4jmh7p-nghttp2-1.65.0-lib
  /nix/store/fsj5s1bspp6sga4iyrpb13vyd0qjrfpm-nss-cacert-3.111
  /nix/store/byx7ahs386pskh8d5sdkrkpscfz9yyjp-openssl-3.4.1
  /nix/store/c9xmgszbf6i4dfq9r953khk9d7fdqigw-patch-2.8
  /nix/store/1c8sm86wj45vwkb3ww2b870h9i9wna6r-patchelf-0.15.0
  /nix/store/hqb180lba3mik6agk0dn2s4hhq9y32bh-pcre2-10.44
  /nix/store/glk3vjk3z4krbmg4clgy203d3293kzlf-publicsuffix-list-0-unstable-2025-03-12
  /nix/store/zl2k2ayhk22q2s6pvgm7qb8f07zzhq6p-readline-8.2p13
  /nix/store/nlqc1vm5psq2jjr5df6z25gkxkfqbvxx-stdenv-linux
  /nix/store/lc765p3sqqj3f13cq6531v4k1jd45sl1-tzdata-2025b
  /nix/store/063qqmawmq7bg75b56mgynw9s3rbx2ww-update-autotools-gnu-config-scripts-hook
  /nix/store/j4kybm2h5l6ing0i494zwdswp672pmgv-xgcc-14.3.0-libgcc
  /nix/store/nm296vfrn2hqrb6yisablznknp9p7hx9-xz-5.8.1
  /nix/store/ikfwx7kbwz9zr7fziiac7f57jgbh3bnv-xz-5.8.1-bin
  /nix/store/vx438ll7xvv9q5ns8mqpphsg2dxg9yi9-zlib-1.3.1
  /nix/store/8qn6wbzq5z8kz5gsc7bzr32mrb301vd8-zlib-ng-2.2.4
  /nix/store/and18rawgmwws8l2favbjr5wm31jnr4a-zstd-1.5.7
copying path '/nix/store/fsj5s1bspp6sga4iyrpb13vyd0qjrfpm-nss-cacert-3.111' from 'https://cache.nixos.org'...
copying path '/nix/store/9ligk74v7nqwq5lg3pnw88jl3zcmpdpr-iana-etc-20250505' from 'https://cache.nixos.org'...
copying path '/nix/store/4xr56x3h8i56sxxz0wm4w69qpdq0yarx-mailcap-2.1.54' from 'https://cache.nixos.org'...
copying path '/nix/store/lc765p3sqqj3f13cq6531v4k1jd45sl1-tzdata-2025b' from 'https://cache.nixos.org'...
copying path '/nix/store/h8x8m2vcaqd13sm794q5l3yrynbf3h0q-gcc-14.3.0-libgcc' from 'https://cache.nixos.org'...
copying path '/nix/store/s3dj57ywp7j6az9xbc3yssjlwnlw335q-gnu-config-2024-01-01' from 'https://cache.nixos.org'...
copying path '/nix/store/vm18dxfa5v7y3linrg1x1q9wx41bkxwf-libunistring-1.3' from 'https://cache.nixos.org'...
copying path '/nix/store/clam4dh46f55ywgbpx7pgnnkmcqzgj8p-linux-headers-6.14.7' from 'https://cache.nixos.org'...
copying path '/nix/store/glk3vjk3z4krbmg4clgy203d3293kzlf-publicsuffix-list-0-unstable-2025-03-12' from 'https://cache.nixos.org'...
copying path '/nix/store/j4kybm2h5l6ing0i494zwdswp672pmgv-xgcc-14.3.0-libgcc' from 'https://cache.nixos.org'...
copying path '/nix/store/063qqmawmq7bg75b56mgynw9s3rbx2ww-update-autotools-gnu-config-scripts-hook' from 'https://cache.nixos.org'...
copying path '/nix/store/ncdwsrgq6n6161l433m4x34057zq0hhf-libidn2-2.3.8' from 'https://cache.nixos.org'...
copying path '/nix/store/q4wq65gl3r8fy746v9bbwgx4gzn0r2kl-glibc-2.40-66' from 'https://cache.nixos.org'...
copying path '/nix/store/xl1043bxc6q4ymbqrv3pyjmpssd6z0wj-attr-2.5.2' from 'https://cache.nixos.org'...
copying path '/nix/store/00zrahbb32nzawrmv9sjxn36h7qk9vrs-bash-5.2p37' from 'https://cache.nixos.org'...
copying path '/nix/store/czrad292gq5adw7kjj0z71gkw48mnmim-brotli-1.1.0-lib' from 'https://cache.nixos.org'...
copying path '/nix/store/nv3y7zb1cwz1h9qy7nwz0s54j8dl1kqj-gawk-5.3.2' from 'https://cache.nixos.org'...
copying path '/nix/store/ywc5ismph30i5a1w56rl9kxa0a5887wx-bzip2-1.0.8' from 'https://cache.nixos.org'...
copying path '/nix/store/mdmsnfcvxyk5ynz7nx8nhss1wig0gljx-glibc-2.40-66-bin' from 'https://cache.nixos.org'...
copying path '/nix/store/r274m06q3qwnkbzw37z0a589rqnzmbpq-ed-1.21.1' from 'https://cache.nixos.org'...
copying path '/nix/store/qsqjriwc0d0qpy8hspmjw596nwwfjapr-expand-response-params' from 'https://cache.nixos.org'...
copying path '/nix/store/3pvw3ddy10rk76f55am2sfc0hxfb28bn-expat-2.7.1' from 'https://cache.nixos.org'...
copying path '/nix/store/4sxdpx88vxl3vrciqc0cal17qz2whg0c-gmp-6.3.0' from 'https://cache.nixos.org'...
copying path '/nix/store/l7d6vwajpfvgsd3j4cr25imd1mzb7d1d-gcc-14.3.0-lib' from 'https://cache.nixos.org'...
copying path '/nix/store/pr318zsl44jdwpk9wk0sdrn19b6in7ah-gnused-4.9' from 'https://cache.nixos.org'...
copying path '/nix/store/6bwp1y45zlyvpr4ja2sk1yi9v5mrs94x-gnumake-4.4.1' from 'https://cache.nixos.org'...
copying path '/nix/store/6k8218bcmnknl7vq07vmm33b33i35586-keyutils-1.6.3-lib' from 'https://cache.nixos.org'...
copying path '/nix/store/31fknicrbimbw6ivnxly9pdabsqqglk5-libpsl-0.21.5' from 'https://cache.nixos.org'...
copying path '/nix/store/in8rmhvx0zxk7n76yfp0gsadvgj7pxaf-ncurses-6.5' from 'https://cache.nixos.org'...
copying path '/nix/store/gwwbjkdd3rghq7x74561agq08f4jmh7p-nghttp2-1.65.0-lib' from 'https://cache.nixos.org'...
copying path '/nix/store/ykdv4id6893gmkqwdmbimq237c1xqvq7-bzip2-1.0.8-bin' from 'https://cache.nixos.org'...
copying path '/nix/store/hqb180lba3mik6agk0dn2s4hhq9y32bh-pcre2-10.44' from 'https://cache.nixos.org'...
copying path '/nix/store/byx7ahs386pskh8d5sdkrkpscfz9yyjp-openssl-3.4.1' from 'https://cache.nixos.org'...
copying path '/nix/store/hil2hhp0zhw426qn2ncg2akasr5dmkbr-acl-2.3.2' from 'https://cache.nixos.org'...
copying path '/nix/store/c9xmgszbf6i4dfq9r953khk9d7fdqigw-patch-2.8' from 'https://cache.nixos.org'...
copying path '/nix/store/nm296vfrn2hqrb6yisablznknp9p7hx9-xz-5.8.1' from 'https://cache.nixos.org'...
copying path '/nix/store/8qn6wbzq5z8kz5gsc7bzr32mrb301vd8-zlib-ng-2.2.4' from 'https://cache.nixos.org'...
copying path '/nix/store/vx438ll7xvv9q5ns8mqpphsg2dxg9yi9-zlib-1.3.1' from 'https://cache.nixos.org'...
copying path '/nix/store/lp82dcnrzljyix6yigwzrlpr1smvpmb0-gnutar-1.35' from 'https://cache.nixos.org'...
copying path '/nix/store/4wmg6gbgmhv8amxzldhd1s1p2xr6g43l-isl-0.20' from 'https://cache.nixos.org'...
copying path '/nix/store/6dyghnhc2d9gbcn2xqd0rs2dcvradfiy-mpfr-4.2.2' from 'https://cache.nixos.org'...
copying path '/nix/store/6ag5dhk7sma61p6vl0kazfmpbrq08nqh-gzip-1.14' from 'https://cache.nixos.org'...
copying path '/nix/store/mdn9hnvf0qmxywbrpbywmxww2adxdn5v-go-1.24.4' from 'https://cache.nixos.org'...
copying path '/nix/store/3pdmbqy86wsbjdazxv1n3vrmj60vn0ri-file-5.45' from 'https://cache.nixos.org'...
copying path '/nix/store/zyvnai4r0kv3hm1lhh9vqbv50jw1mhys-binutils-2.44-lib' from 'https://cache.nixos.org'...
copying path '/nix/store/x4cz3spvw0bwwz5sjsdn2qm4f89rcryn-glibc-2.40-66-dev' from 'https://cache.nixos.org'...
copying path '/nix/store/bc6zxzjnkjp4r9nhz5imy3cypvdh6r4n-gnugrep-3.12' from 'https://cache.nixos.org'...
copying path '/nix/store/ikfwx7kbwz9zr7fziiac7f57jgbh3bnv-xz-5.8.1-bin' from 'https://cache.nixos.org'...
copying path '/nix/store/r4q0whqnmpn8hbfx9rbjq1ya6gjbkswc-libmpc-1.3.1' from 'https://cache.nixos.org'...
copying path '/nix/store/ppxfllzvl2b03x4ahqkyf6v6hiqf0hix-krb5-1.21.3-lib' from 'https://cache.nixos.org'...
copying path '/nix/store/y6w3rwlym1mlpcysn6l7r5vbdmf9irf1-libssh2-1.11.1' from 'https://cache.nixos.org'...
copying path '/nix/store/z3za8hfc24wb117s50p8b10agjkgm039-binutils-2.44' from 'https://cache.nixos.org'...
copying path '/nix/store/sa7j7cddyblhcb3ch3ds10w7nw75yjj1-gcc-14.3.0' from 'https://cache.nixos.org'...
copying path '/nix/store/zs5crhr67zp8cxn7dh4mwq08zw3sb31m-gettext-0.22.5' from 'https://cache.nixos.org'...
copying path '/nix/store/3qf4dg256fginainsz0scm9mdsahh03i-gmp-with-cxx-6.3.0' from 'https://cache.nixos.org'...
copying path '/nix/store/and18rawgmwws8l2favbjr5wm31jnr4a-zstd-1.5.7' from 'https://cache.nixos.org'...
copying path '/nix/store/1c8sm86wj45vwkb3ww2b870h9i9wna6r-patchelf-0.15.0' from 'https://cache.nixos.org'...
copying path '/nix/store/zl2k2ayhk22q2s6pvgm7qb8f07zzhq6p-readline-8.2p13' from 'https://cache.nixos.org'...
copying path '/nix/store/psy9v2asypgl9ylg8cnzkixc7fv0snj0-coreutils-9.7' from 'https://cache.nixos.org'...
copying path '/nix/store/94lg0shvsfc845zy8gnflvpqxxiyijbz-bash-interactive-5.2p37' from 'https://cache.nixos.org'...
copying path '/nix/store/frlckg2m2sf0gs8g5pqkryddbpy6qcz1-curl-8.14.1' from 'https://cache.nixos.org'...
copying path '/nix/store/ibx4jfwlhjg4g0s6rrxrpaxa3ka8ns4m-diffutils-3.12' from 'https://cache.nixos.org'...
copying path '/nix/store/c14zwgl8hf1wm0izij2i16xvk8ak70cy-findutils-4.10.0' from 'https://cache.nixos.org'...
copying path '/nix/store/acrwljh4sjhsysvwyx3796zbgampmkbm-git-minimal-2.49.0' from 'https://cache.nixos.org'...
copying path '/nix/store/cadx5p7c0i06gf6h84iw9mrhx56imbv0-binutils-wrapper-2.44' from 'https://cache.nixos.org'...
copying path '/nix/store/pbqah1qk4b5y14fqinr1h8zvhqy71v81-gcc-wrapper-14.3.0' from 'https://cache.nixos.org'...
copying path '/nix/store/nlqc1vm5psq2jjr5df6z25gkxkfqbvxx-stdenv-linux' from 'https://cache.nixos.org'...
building '/nix/store/h77w8kzkbdg3535znjck35l2jvvbhnhf-siplink-1.0.0-go-modules.drv'...
